<?xml version="1.0" encoding="UTF-8"?>
<!-- Generated by org.testng.reporters.JUnitXMLReporter -->
<testsuite hostname="Jagadeeshs-MacBook-Pro.local" ignored="0" name="Functional" tests="13" failures="9" timestamp="16 Jul 2018 02:16:59 GMT" time="19.07" errors="0">
  <testcase name="checkDuplicate_poster_path" time="1.902" classname="com.splunk.test.GetMovies">
    <failure type="java.lang.AssertionError" message="Found Duplicate poasterPath =&amp;gt;:https://www.dropbox.com/s/2jda8hu20y99jxl/cinema-food-movie-theater-33129.jpg?dl=0 &amp;lt;= Hence Failing">
      <![CDATA[java.lang.AssertionError: Found Duplicate poasterPath =>:https://www.dropbox.com/s/2jda8hu20y99jxl/cinema-food-movie-theater-33129.jpg?dl=0 <= Hence Failing
	at com.splunk.test.GetMovies.checkDuplicate_poster_path(GetMovies.java:84)
... Removed 26 stack frames]]>
    </failure>
  </testcase> <!-- checkDuplicate_poster_path -->
  <testcase name="checkForLimitNoOFRecord" time="0.554" classname="com.splunk.test.GetMovies">
    <failure type="java.lang.AssertionError" message="Response count is more than 1 expected [true] but found [false]">
      <![CDATA[java.lang.AssertionError: Response count is more than 1 expected [true] but found [false]
	at com.splunk.test.GetMovies.checkForLimitNoOFRecord(GetMovies.java:287)
... Removed 28 stack frames]]>
    </failure>
  </testcase> <!-- checkForLimitNoOFRecord -->
  <testcase name="checkForValid_poster_path" time="7.858" classname="com.splunk.test.GetMovies">
    <failure type="java.lang.AssertionError" message="The following asserts failed:
	Invalid End Point :/sWa1Y5QhGuJMjw8uuFoggGLqZ0y.jpg expected [false] but found [true]">
      <![CDATA[java.lang.AssertionError: The following asserts failed:
	Invalid End Point :/sWa1Y5QhGuJMjw8uuFoggGLqZ0y.jpg expected [false] but found [true]
	at com.splunk.test.GetMovies.checkForValid_poster_path(GetMovies.java:105)
... Removed 26 stack frames]]>
    </failure>
  </testcase> <!-- checkForValid_poster_path -->
  <testcase name="checkNoOfMoviesGenereIdGrterThanFourHundred" time="0.957" classname="com.splunk.test.GetMovies">
    <failure type="java.lang.AssertionError" message="We have more than 7 GenereId sum greater than 400 expected [true] but found [false]">
      <![CDATA[java.lang.AssertionError: We have more than 7 GenereId sum greater than 400 expected [true] but found [false]
	at com.splunk.test.GetMovies.checkNoOfMoviesGenereIdGrterThanFourHundred(GetMovies.java:195)
... Removed 28 stack frames]]>
    </failure>
  </testcase> <!-- checkNoOfMoviesGenereIdGrterThanFourHundred -->
  <testcase name="checkNonNullGenreIdsAreSorted" time="0.525" classname="com.splunk.test.GetMovies">
    <failure type="java.lang.AssertionError" message="Non Null Genre  Are not Sorted by Ids, Ids are:[287757, 404463, 411736, 411802, 49026, 20776, 93560, 186579, 138757, 451570, 300424, 269246, 155, 438741, 241226] expected [true] but found [false]">
      <![CDATA[java.lang.AssertionError: Non Null Genre  Are not Sorted by Ids, Ids are:[287757, 404463, 411736, 411802, 49026, 20776, 93560, 186579, 138757, 451570, 300424, 269246, 155, 438741, 241226] expected [true] but found [false]
	at com.splunk.test.GetMovies.checkNonNullGenreIdsAreSorted(GetMovies.java:168)
... Removed 28 stack frames]]>
    </failure>
  </testcase> <!-- checkNonNullGenreIdsAreSorted -->
  <testcase name="checkWithOutQueryparam" time="1.562" classname="com.splunk.test.GetMovies">
    <failure type="java.lang.AssertionError" message="1 expectation failed.
Expected status code &amp;lt;404&amp;gt; but was &amp;lt;200&amp;gt;.
">
      <![CDATA[java.lang.AssertionError: 1 expectation failed.
Expected status code <404> but was <200>.

	at org.codehaus.groovy.runtime.callsite.ConstructorSite$ConstructorSiteNoUnwrap.callConstructor(ConstructorSite.java:84)
	at org.codehaus.groovy.runtime.callsite.CallSiteArray.defaultCallConstructor(CallSiteArray.java:60)
	at org.codehaus.groovy.runtime.callsite.AbstractCallSite.callConstructor(AbstractCallSite.java:235)
	at org.codehaus.groovy.runtime.callsite.AbstractCallSite.callConstructor(AbstractCallSite.java:247)
	at io.restassured.internal.ResponseSpecificationImpl$HamcrestAssertionClosure.validate(ResponseSpecificationImpl.groovy:471)
	at io.restassured.internal.ResponseSpecificationImpl$HamcrestAssertionClosure$validate$1.call(Unknown Source)
	at io.restassured.internal.ResponseSpecificationImpl.validateResponseIfRequired(ResponseSpecificationImpl.groovy:636)
	at org.codehaus.groovy.runtime.callsite.PogoMetaMethodSite$PogoCachedMethodSiteNoUnwrapNoCoerce.invoke(PogoMetaMethodSite.java:210)
	at org.codehaus.groovy.runtime.callsite.PogoMetaMethodSite.callCurrent(PogoMetaMethodSite.java:59)
	at org.codehaus.groovy.runtime.callsite.AbstractCallSite.callCurrent(AbstractCallSite.java:166)
	at io.restassured.internal.ResponseSpecificationImpl.statusCode(ResponseSpecificationImpl.groovy:122)
	at io.restassured.specification.ResponseSpecification$statusCode$0.callCurrent(Unknown Source)
	at io.restassured.internal.ResponseSpecificationImpl.statusCode(ResponseSpecificationImpl.groovy:130)
	at io.restassured.internal.ValidatableResponseOptionsImpl.statusCode(ValidatableResponseOptionsImpl.java:117)
	at com.splunk.commons.ReusableFunctions.checkSuccessFulResposneQueryPram(ReusableFunctions.java:94)
	at com.splunk.test.GetMovies.checkWithOutQueryparam(GetMovies.java:258)
... Removed 35 stack frames]]>
    </failure>
  </testcase> <!-- checkWithOutQueryparam -->
  <testcase name="checkWithWrongQueryKey" time="0.612" classname="com.splunk.test.GetMovies"/>
  <testcase name="checkWithWrongQueryValue" time="0.618" classname="com.splunk.test.GetMovies">
    <failure type="java.lang.AssertionError" message="1 expectation failed.
Expected status code &amp;lt;404&amp;gt; but was &amp;lt;200&amp;gt;.
">
      <![CDATA[java.lang.AssertionError: 1 expectation failed.
Expected status code <404> but was <200>.

	at org.codehaus.groovy.runtime.callsite.ConstructorSite$ConstructorSiteNoUnwrap.callConstructor(ConstructorSite.java:84)
	at org.codehaus.groovy.runtime.callsite.AbstractCallSite.callConstructor(AbstractCallSite.java:247)
	at io.restassured.internal.ResponseSpecificationImpl$HamcrestAssertionClosure.validate(ResponseSpecificationImpl.groovy:471)
	at io.restassured.internal.ResponseSpecificationImpl$HamcrestAssertionClosure$validate$1.call(Unknown Source)
	at io.restassured.internal.ResponseSpecificationImpl.validateResponseIfRequired(ResponseSpecificationImpl.groovy:636)
	at org.codehaus.groovy.runtime.callsite.PogoMetaMethodSite$PogoCachedMethodSiteNoUnwrapNoCoerce.invoke(PogoMetaMethodSite.java:210)
	at org.codehaus.groovy.runtime.callsite.PogoMetaMethodSite.callCurrent(PogoMetaMethodSite.java:59)
	at org.codehaus.groovy.runtime.callsite.AbstractCallSite.callCurrent(AbstractCallSite.java:166)
	at io.restassured.internal.ResponseSpecificationImpl.statusCode(ResponseSpecificationImpl.groovy:122)
	at io.restassured.specification.ResponseSpecification$statusCode$0.callCurrent(Unknown Source)
	at io.restassured.internal.ResponseSpecificationImpl.statusCode(ResponseSpecificationImpl.groovy:130)
	at io.restassured.internal.ValidatableResponseOptionsImpl.statusCode(ValidatableResponseOptionsImpl.java:117)
	at com.splunk.commons.ReusableFunctions.checkSuccessFulResposneQueryPram(ReusableFunctions.java:132)
	at com.splunk.test.GetMovies.checkWithWrongQueryValue(GetMovies.java:274)
... Removed 35 stack frames]]>
    </failure>
  </testcase> <!-- checkWithWrongQueryValue -->
  <testcase name="checkforAtlestOnePalendromeTitle" time="0.667" classname="com.splunk.test.GetMovies"/>
  <testcase name="checkforTitleIsSubStrOfOtherTitle" time="1.117" classname="com.splunk.test.GetMovies"/>
  <testcase name="numOfNullGenreIds" time="0.54" classname="com.splunk.test.GetMovies">
    <failure type="java.lang.AssertionError" message="We have one empty genre_ids ,But its not at first in response , Hence failing  expected [true] but found [false]">
      <![CDATA[java.lang.AssertionError: We have one empty genre_ids ,But its not at first in response , Hence failing  expected [true] but found [false]
	at com.splunk.test.GetMovies.numOfNullGenreIds(GetMovies.java:139)
... Removed 28 stack frames]]>
    </failure>
  </testcase> <!-- numOfNullGenreIds -->
  <testcase name="verifyResponseCode" time="0.79" classname="com.splunk.test.GetMovies"/>
  <testcase name="verifyPostingMovie" time="1.311" classname="com.splunk.test.PostMovies">
    <failure type="java.lang.AssertionError" message="Exception occured while getting resposne Hence Failing200">
      <![CDATA[java.lang.AssertionError: Exception occured while getting resposne Hence Failing200
	at com.splunk.commons.ReusableFunctions.postMovie(ReusableFunctions.java:117)
	at com.splunk.test.PostMovies.verifyPostingMovie(PostMovies.java:56)
... Removed 26 stack frames]]>
    </failure>
  </testcase> <!-- verifyPostingMovie -->
</testsuite> <!-- Functional -->
