<?xml version="1.0" encoding="UTF-8"?>
<testng-results skipped="0" failed="9" ignored="0" total="13" passed="4">
  <reporter-output>
    <line>
      <![CDATA[Got Successful result for Endpoint:https://www.dropbox.com/s/8i8v4ak8tnp03w4/action-blur-electronics-247932.jpg?dl=0]]>
    </line>
    <line>
      <![CDATA[Got Successful result for Endpoint:https://www.dropbox.com/s/opfcp4ua5fmdszj/actor-actress-adult-974477.jpg?dl=0]]>
    </line>
    <line>
      <![CDATA[Got Successful result for Endpoint:https://www.dropbox.com/s/1qcl5f3o1dmsn0d/adult-beard-electronics-819848.jpg?dl=0]]>
    </line>
    <line>
      <![CDATA[Got Successful result for Endpoint:https://www.dropbox.com/s/0j5o30t1h21u2pw/architecture-bluebird-theatre-building-208647.jpg?dl=0]]>
    </line>
    <line>
      <![CDATA[Got Successful result for Endpoint:https://www.dropbox.com/s/xs5w5v43lpfg4vj/auditorium-chairs-comfortable-269140.jpg?dl=0]]>
    </line>
    <line>
      <![CDATA[Got Successful result for Endpoint:https://www.dropbox.com/s/tr9lhmsukyr62nf/black-and-white-caixa-belas-artes-cinema-65437.jpg?dl=0]]>
    </line>
    <line>
      <![CDATA[Got Successful result for Endpoint:https://www.dropbox.com/s/l3qyiomplo1xy2p/candy-delicious-eating-2904.jpg?dl=0]]>
    </line>
    <line>
      <![CDATA[Got Successful result for Endpoint:https://www.dropbox.com/s/2jda8hu20y99jxl/cinema-food-movie-theater-33129.jpg?dl=0]]>
    </line>
    <line>
      <![CDATA[Got Successful result for Endpoint:https://www.dropbox.com/s/2jda8hu20y99jxl/cinema-food-movie-theater-33129.jpg?dl=0]]>
    </line>
    <line>
      <![CDATA[Got Successful result for Endpoint:https://www.dropbox.com/s/2jda8hu20y99jxl/cinema-food-movvvie-theater-33129.jpg?dl=0]]>
    </line>
    <line>
      <![CDATA[Found :5null poster paths.]]>
    </line>
    <line>
      <![CDATA[Found Title containing  Palendromic Word is : Kayak]]>
    </line>
    <line>
      <![CDATA[Dante present in : Scooby-Doo Meets Dante]]>
    </line>
    <line>
      <![CDATA[The Dark Knight present in : The Dark Knight Rises]]>
    </line>
  </reporter-output>
  <suite name="Splunk Test Suite" duration-ms="12980" started-at="2018-07-16T03:38:27Z" finished-at="2018-07-16T03:38:40Z">
    <groups>
      <group name="checkForLimitNoOFRecord">
        <method signature="GetMovies.checkForLimitNoOFRecord()[pri:0, instance:com.splunk.test.GetMovies@4c163e3]" name="checkForLimitNoOFRecord" class="com.splunk.test.GetMovies"/>
      </group> <!-- checkForLimitNoOFRecord -->
      <group name="checkforTitleIsSubStrOfOtherTitle">
        <method signature="GetMovies.checkforTitleIsSubStrOfOtherTitle()[pri:0, instance:com.splunk.test.GetMovies@4c163e3]" name="checkforTitleIsSubStrOfOtherTitle" class="com.splunk.test.GetMovies"/>
      </group> <!-- checkforTitleIsSubStrOfOtherTitle -->
      <group name="checkforAtlestOnePalendromeTitle">
        <method signature="GetMovies.checkforAtlestOnePalendromeTitle()[pri:0, instance:com.splunk.test.GetMovies@4c163e3]" name="checkforAtlestOnePalendromeTitle" class="com.splunk.test.GetMovies"/>
      </group> <!-- checkforAtlestOnePalendromeTitle -->
      <group name="checkForValid_poster_path">
        <method signature="GetMovies.checkForValid_poster_path()[pri:0, instance:com.splunk.test.GetMovies@4c163e3]" name="checkForValid_poster_path" class="com.splunk.test.GetMovies"/>
        <method signature="GetMovies.numOfNullGenreIds()[pri:0, instance:com.splunk.test.GetMovies@4c163e3]" name="numOfNullGenreIds" class="com.splunk.test.GetMovies"/>
      </group> <!-- checkForValid_poster_path -->
      <group name="checkDuplicate_poster_path">
        <method signature="GetMovies.checkDuplicate_poster_path()[pri:0, instance:com.splunk.test.GetMovies@4c163e3]" name="checkDuplicate_poster_path" class="com.splunk.test.GetMovies"/>
      </group> <!-- checkDuplicate_poster_path -->
      <group name="checkNoOfMoviesGenereIdGrterThanFourHundred">
        <method signature="GetMovies.checkNoOfMoviesGenereIdGrterThanFourHundred()[pri:0, instance:com.splunk.test.GetMovies@4c163e3]" name="checkNoOfMoviesGenereIdGrterThanFourHundred" class="com.splunk.test.GetMovies"/>
      </group> <!-- checkNoOfMoviesGenereIdGrterThanFourHundred -->
      <group name="checkNonNullGenreIdsAreSorted">
        <method signature="GetMovies.checkNonNullGenreIdsAreSorted()[pri:0, instance:com.splunk.test.GetMovies@4c163e3]" name="checkNonNullGenreIdsAreSorted" class="com.splunk.test.GetMovies"/>
      </group> <!-- checkNonNullGenreIdsAreSorted -->
      <group name="verifyResponseCode">
        <method signature="GetMovies.verifyResponseCode()[pri:0, instance:com.splunk.test.GetMovies@4c163e3]" name="verifyResponseCode" class="com.splunk.test.GetMovies"/>
      </group> <!-- verifyResponseCode -->
      <group name="verifyPostingMovie">
        <method signature="PostMovies.verifyPostingMovie()[pri:0, instance:com.splunk.test.PostMovies@c430e6c]" name="verifyPostingMovie" class="com.splunk.test.PostMovies"/>
      </group> <!-- verifyPostingMovie -->
      <group name="Movies">
        <method signature="GetMovies.checkDuplicate_poster_path()[pri:0, instance:com.splunk.test.GetMovies@4c163e3]" name="checkDuplicate_poster_path" class="com.splunk.test.GetMovies"/>
        <method signature="GetMovies.checkForLimitNoOFRecord()[pri:0, instance:com.splunk.test.GetMovies@4c163e3]" name="checkForLimitNoOFRecord" class="com.splunk.test.GetMovies"/>
        <method signature="GetMovies.checkForValid_poster_path()[pri:0, instance:com.splunk.test.GetMovies@4c163e3]" name="checkForValid_poster_path" class="com.splunk.test.GetMovies"/>
        <method signature="GetMovies.checkNoOfMoviesGenereIdGrterThanFourHundred()[pri:0, instance:com.splunk.test.GetMovies@4c163e3]" name="checkNoOfMoviesGenereIdGrterThanFourHundred" class="com.splunk.test.GetMovies"/>
        <method signature="GetMovies.checkNonNullGenreIdsAreSorted()[pri:0, instance:com.splunk.test.GetMovies@4c163e3]" name="checkNonNullGenreIdsAreSorted" class="com.splunk.test.GetMovies"/>
        <method signature="GetMovies.checkWithOutQueryparam()[pri:0, instance:com.splunk.test.GetMovies@4c163e3]" name="checkWithOutQueryparam" class="com.splunk.test.GetMovies"/>
        <method signature="GetMovies.checkWithWrongQueryKey()[pri:0, instance:com.splunk.test.GetMovies@4c163e3]" name="checkWithWrongQueryKey" class="com.splunk.test.GetMovies"/>
        <method signature="GetMovies.checkWithWrongQueryValue()[pri:0, instance:com.splunk.test.GetMovies@4c163e3]" name="checkWithWrongQueryValue" class="com.splunk.test.GetMovies"/>
        <method signature="GetMovies.checkforAtlestOnePalendromeTitle()[pri:0, instance:com.splunk.test.GetMovies@4c163e3]" name="checkforAtlestOnePalendromeTitle" class="com.splunk.test.GetMovies"/>
        <method signature="GetMovies.checkforTitleIsSubStrOfOtherTitle()[pri:0, instance:com.splunk.test.GetMovies@4c163e3]" name="checkforTitleIsSubStrOfOtherTitle" class="com.splunk.test.GetMovies"/>
        <method signature="GetMovies.numOfNullGenreIds()[pri:0, instance:com.splunk.test.GetMovies@4c163e3]" name="numOfNullGenreIds" class="com.splunk.test.GetMovies"/>
        <method signature="GetMovies.verifyResponseCode()[pri:0, instance:com.splunk.test.GetMovies@4c163e3]" name="verifyResponseCode" class="com.splunk.test.GetMovies"/>
        <method signature="PostMovies.verifyPostingMovie()[pri:0, instance:com.splunk.test.PostMovies@c430e6c]" name="verifyPostingMovie" class="com.splunk.test.PostMovies"/>
      </group> <!-- Movies -->
      <group name="checkWithOutQueryparam">
        <method signature="GetMovies.checkWithOutQueryparam()[pri:0, instance:com.splunk.test.GetMovies@4c163e3]" name="checkWithOutQueryparam" class="com.splunk.test.GetMovies"/>
        <method signature="GetMovies.checkWithWrongQueryKey()[pri:0, instance:com.splunk.test.GetMovies@4c163e3]" name="checkWithWrongQueryKey" class="com.splunk.test.GetMovies"/>
        <method signature="GetMovies.checkWithWrongQueryValue()[pri:0, instance:com.splunk.test.GetMovies@4c163e3]" name="checkWithWrongQueryValue" class="com.splunk.test.GetMovies"/>
      </group> <!-- checkWithOutQueryparam -->
    </groups>
    <test name="Functional" duration-ms="12980" started-at="2018-07-16T03:38:27Z" finished-at="2018-07-16T03:38:40Z">
      <class name="com.splunk.test.PostMovies">
        <test-method status="FAIL" signature="verifyPostingMovie()[pri:0, instance:com.splunk.test.PostMovies@c430e6c]" name="verifyPostingMovie" duration-ms="1769" started-at="2018-07-15T20:38:27Z" description="Verify movie is posted successfully and availabe in response list" finished-at="2018-07-15T20:38:29Z">
          <exception class="java.lang.AssertionError">
            <message>
              <![CDATA[Exception occured while getting resposne Hence Failing200]]>
            </message>
            <full-stacktrace>
              <![CDATA[java.lang.AssertionError: Exception occured while getting resposne Hence Failing200
	at org.testng.Assert.fail(Assert.java:94)
	at com.splunk.commons.ReusableFunctions.postMovie(ReusableFunctions.java:117)
	at com.splunk.test.PostMovies.verifyPostingMovie(PostMovies.java:56)
	at sun.reflect.NativeMethodAccessorImpl.invoke0(Native Method)
	at sun.reflect.NativeMethodAccessorImpl.invoke(NativeMethodAccessorImpl.java:62)
	at sun.reflect.DelegatingMethodAccessorImpl.invoke(DelegatingMethodAccessorImpl.java:43)
	at java.lang.reflect.Method.invoke(Method.java:498)
	at org.testng.internal.MethodInvocationHelper.invokeMethod(MethodInvocationHelper.java:104)
	at org.testng.internal.Invoker.invokeMethod(Invoker.java:645)
	at org.testng.internal.Invoker.invokeTestMethod(Invoker.java:851)
	at org.testng.internal.Invoker.invokeTestMethods(Invoker.java:1177)
	at org.testng.internal.TestMethodWorker.invokeTestMethods(TestMethodWorker.java:129)
	at org.testng.internal.TestMethodWorker.run(TestMethodWorker.java:112)
	at java.util.concurrent.ThreadPoolExecutor.runWorker(ThreadPoolExecutor.java:1149)
	at java.util.concurrent.ThreadPoolExecutor$Worker.run(ThreadPoolExecutor.java:624)
	at java.lang.Thread.run(Thread.java:748)
]]>
            </full-stacktrace>
          </exception> <!-- java.lang.AssertionError -->
          <reporter-output>
          </reporter-output>
        </test-method> <!-- verifyPostingMovie -->
      </class> <!-- com.splunk.test.PostMovies -->
      <class name="com.splunk.test.GetMovies">
        <test-method status="FAIL" signature="checkDuplicate_poster_path()[pri:0, instance:com.splunk.test.GetMovies@4c163e3]" name="checkDuplicate_poster_path" duration-ms="1875" started-at="2018-07-15T20:38:27Z" description="Test to Verify Duplicate poster path" finished-at="2018-07-15T20:38:29Z">
          <exception class="java.lang.AssertionError">
            <message>
              <![CDATA[Found Duplicate poasterPath =>:https://www.dropbox.com/s/2jda8hu20y99jxl/cinema-food-movie-theater-33129.jpg?dl=0 <= Hence Failing]]>
            </message>
            <full-stacktrace>
              <![CDATA[java.lang.AssertionError: Found Duplicate poasterPath =>:https://www.dropbox.com/s/2jda8hu20y99jxl/cinema-food-movie-theater-33129.jpg?dl=0 <= Hence Failing
	at org.testng.Assert.fail(Assert.java:94)
	at com.splunk.test.GetMovies.checkDuplicate_poster_path(GetMovies.java:84)
	at sun.reflect.NativeMethodAccessorImpl.invoke0(Native Method)
	at sun.reflect.NativeMethodAccessorImpl.invoke(NativeMethodAccessorImpl.java:62)
	at sun.reflect.DelegatingMethodAccessorImpl.invoke(DelegatingMethodAccessorImpl.java:43)
	at java.lang.reflect.Method.invoke(Method.java:498)
	at org.testng.internal.MethodInvocationHelper.invokeMethod(MethodInvocationHelper.java:104)
	at org.testng.internal.Invoker.invokeMethod(Invoker.java:645)
	at org.testng.internal.Invoker.invokeTestMethod(Invoker.java:851)
	at org.testng.internal.Invoker.invokeTestMethods(Invoker.java:1177)
	at org.testng.internal.TestMethodWorker.invokeTestMethods(TestMethodWorker.java:129)
	at org.testng.internal.TestMethodWorker.run(TestMethodWorker.java:112)
	at java.util.concurrent.ThreadPoolExecutor.runWorker(ThreadPoolExecutor.java:1149)
	at java.util.concurrent.ThreadPoolExecutor$Worker.run(ThreadPoolExecutor.java:624)
	at java.lang.Thread.run(Thread.java:748)
]]>
            </full-stacktrace>
          </exception> <!-- java.lang.AssertionError -->
          <reporter-output>
          </reporter-output>
        </test-method> <!-- checkDuplicate_poster_path -->
        <test-method status="FAIL" signature="checkForLimitNoOFRecord()[pri:0, instance:com.splunk.test.GetMovies@4c163e3]" name="checkForLimitNoOFRecord" duration-ms="614" started-at="2018-07-15T20:38:29Z" description="Verify check limit no of Record by 1" finished-at="2018-07-15T20:38:30Z">
          <exception class="java.lang.AssertionError">
            <message>
              <![CDATA[Response count is more than 1 expected [true] but found [false]]]>
            </message>
            <full-stacktrace>
              <![CDATA[java.lang.AssertionError: Response count is more than 1 expected [true] but found [false]
	at org.testng.Assert.fail(Assert.java:94)
	at org.testng.Assert.failNotEquals(Assert.java:513)
	at org.testng.Assert.assertTrue(Assert.java:42)
	at com.splunk.test.GetMovies.checkForLimitNoOFRecord(GetMovies.java:287)
	at sun.reflect.NativeMethodAccessorImpl.invoke0(Native Method)
	at sun.reflect.NativeMethodAccessorImpl.invoke(NativeMethodAccessorImpl.java:62)
	at sun.reflect.DelegatingMethodAccessorImpl.invoke(DelegatingMethodAccessorImpl.java:43)
	at java.lang.reflect.Method.invoke(Method.java:498)
	at org.testng.internal.MethodInvocationHelper.invokeMethod(MethodInvocationHelper.java:104)
	at org.testng.internal.Invoker.invokeMethod(Invoker.java:645)
	at org.testng.internal.Invoker.invokeTestMethod(Invoker.java:851)
	at org.testng.internal.Invoker.invokeTestMethods(Invoker.java:1177)
	at org.testng.internal.TestMethodWorker.invokeTestMethods(TestMethodWorker.java:129)
	at org.testng.internal.TestMethodWorker.run(TestMethodWorker.java:112)
	at java.util.concurrent.ThreadPoolExecutor.runWorker(ThreadPoolExecutor.java:1149)
	at java.util.concurrent.ThreadPoolExecutor$Worker.run(ThreadPoolExecutor.java:624)
	at java.lang.Thread.run(Thread.java:748)
]]>
            </full-stacktrace>
          </exception> <!-- java.lang.AssertionError -->
          <reporter-output>
          </reporter-output>
        </test-method> <!-- checkForLimitNoOFRecord -->
        <test-method status="FAIL" signature="checkForValid_poster_path()[pri:0, instance:com.splunk.test.GetMovies@4c163e3]" name="checkForValid_poster_path" duration-ms="5743" started-at="2018-07-15T20:38:30Z" description="Test to Verify all poster_path are valid" finished-at="2018-07-15T20:38:36Z">
          <exception class="java.lang.AssertionError">
            <message>
              <![CDATA[The following asserts failed:
	Invalid End Point :/sWa1Y5QhGuJMjw8uuFoggGLqZ0y.jpg expected [false] but found [true]]]>
            </message>
            <full-stacktrace>
              <![CDATA[java.lang.AssertionError: The following asserts failed:
	Invalid End Point :/sWa1Y5QhGuJMjw8uuFoggGLqZ0y.jpg expected [false] but found [true]
	at org.testng.asserts.SoftAssert.assertAll(SoftAssert.java:43)
	at com.splunk.test.GetMovies.checkForValid_poster_path(GetMovies.java:105)
	at sun.reflect.NativeMethodAccessorImpl.invoke0(Native Method)
	at sun.reflect.NativeMethodAccessorImpl.invoke(NativeMethodAccessorImpl.java:62)
	at sun.reflect.DelegatingMethodAccessorImpl.invoke(DelegatingMethodAccessorImpl.java:43)
	at java.lang.reflect.Method.invoke(Method.java:498)
	at org.testng.internal.MethodInvocationHelper.invokeMethod(MethodInvocationHelper.java:104)
	at org.testng.internal.Invoker.invokeMethod(Invoker.java:645)
	at org.testng.internal.Invoker.invokeTestMethod(Invoker.java:851)
	at org.testng.internal.Invoker.invokeTestMethods(Invoker.java:1177)
	at org.testng.internal.TestMethodWorker.invokeTestMethods(TestMethodWorker.java:129)
	at org.testng.internal.TestMethodWorker.run(TestMethodWorker.java:112)
	at java.util.concurrent.ThreadPoolExecutor.runWorker(ThreadPoolExecutor.java:1149)
	at java.util.concurrent.ThreadPoolExecutor$Worker.run(ThreadPoolExecutor.java:624)
	at java.lang.Thread.run(Thread.java:748)
]]>
            </full-stacktrace>
          </exception> <!-- java.lang.AssertionError -->
          <reporter-output>
            <line>
              <![CDATA[Got Successful result for Endpoint:https://www.dropbox.com/s/8i8v4ak8tnp03w4/action-blur-electronics-247932.jpg?dl=0]]>
            </line>
            <line>
              <![CDATA[Got Successful result for Endpoint:https://www.dropbox.com/s/opfcp4ua5fmdszj/actor-actress-adult-974477.jpg?dl=0]]>
            </line>
            <line>
              <![CDATA[Got Successful result for Endpoint:https://www.dropbox.com/s/1qcl5f3o1dmsn0d/adult-beard-electronics-819848.jpg?dl=0]]>
            </line>
            <line>
              <![CDATA[Got Successful result for Endpoint:https://www.dropbox.com/s/0j5o30t1h21u2pw/architecture-bluebird-theatre-building-208647.jpg?dl=0]]>
            </line>
            <line>
              <![CDATA[Got Successful result for Endpoint:https://www.dropbox.com/s/xs5w5v43lpfg4vj/auditorium-chairs-comfortable-269140.jpg?dl=0]]>
            </line>
            <line>
              <![CDATA[Got Successful result for Endpoint:https://www.dropbox.com/s/tr9lhmsukyr62nf/black-and-white-caixa-belas-artes-cinema-65437.jpg?dl=0]]>
            </line>
            <line>
              <![CDATA[Got Successful result for Endpoint:https://www.dropbox.com/s/l3qyiomplo1xy2p/candy-delicious-eating-2904.jpg?dl=0]]>
            </line>
            <line>
              <![CDATA[Got Successful result for Endpoint:https://www.dropbox.com/s/2jda8hu20y99jxl/cinema-food-movie-theater-33129.jpg?dl=0]]>
            </line>
            <line>
              <![CDATA[Got Successful result for Endpoint:https://www.dropbox.com/s/2jda8hu20y99jxl/cinema-food-movie-theater-33129.jpg?dl=0]]>
            </line>
            <line>
              <![CDATA[Got Successful result for Endpoint:https://www.dropbox.com/s/2jda8hu20y99jxl/cinema-food-movvvie-theater-33129.jpg?dl=0]]>
            </line>
            <line>
              <![CDATA[Found :5null poster paths.]]>
            </line>
          </reporter-output>
        </test-method> <!-- checkForValid_poster_path -->
        <test-method status="FAIL" signature="checkNoOfMoviesGenereIdGrterThanFourHundred()[pri:0, instance:com.splunk.test.GetMovies@4c163e3]" name="checkNoOfMoviesGenereIdGrterThanFourHundred" duration-ms="502" started-at="2018-07-15T20:38:36Z" description="Test to Verify number of movies whose sum of &quot;genre_ids&quot; &gt; 400 should be no more than 7" finished-at="2018-07-15T20:38:36Z">
          <exception class="java.lang.AssertionError">
            <message>
              <![CDATA[We have more than 7 GenereId sum greater than 400 expected [true] but found [false]]]>
            </message>
            <full-stacktrace>
              <![CDATA[java.lang.AssertionError: We have more than 7 GenereId sum greater than 400 expected [true] but found [false]
	at org.testng.Assert.fail(Assert.java:94)
	at org.testng.Assert.failNotEquals(Assert.java:513)
	at org.testng.Assert.assertTrue(Assert.java:42)
	at com.splunk.test.GetMovies.checkNoOfMoviesGenereIdGrterThanFourHundred(GetMovies.java:195)
	at sun.reflect.NativeMethodAccessorImpl.invoke0(Native Method)
	at sun.reflect.NativeMethodAccessorImpl.invoke(NativeMethodAccessorImpl.java:62)
	at sun.reflect.DelegatingMethodAccessorImpl.invoke(DelegatingMethodAccessorImpl.java:43)
	at java.lang.reflect.Method.invoke(Method.java:498)
	at org.testng.internal.MethodInvocationHelper.invokeMethod(MethodInvocationHelper.java:104)
	at org.testng.internal.Invoker.invokeMethod(Invoker.java:645)
	at org.testng.internal.Invoker.invokeTestMethod(Invoker.java:851)
	at org.testng.internal.Invoker.invokeTestMethods(Invoker.java:1177)
	at org.testng.internal.TestMethodWorker.invokeTestMethods(TestMethodWorker.java:129)
	at org.testng.internal.TestMethodWorker.run(TestMethodWorker.java:112)
	at java.util.concurrent.ThreadPoolExecutor.runWorker(ThreadPoolExecutor.java:1149)
	at java.util.concurrent.ThreadPoolExecutor$Worker.run(ThreadPoolExecutor.java:624)
	at java.lang.Thread.run(Thread.java:748)
]]>
            </full-stacktrace>
          </exception> <!-- java.lang.AssertionError -->
          <reporter-output>
          </reporter-output>
        </test-method> <!-- checkNoOfMoviesGenereIdGrterThanFourHundred -->
        <test-method status="FAIL" signature="checkNonNullGenreIdsAreSorted()[pri:0, instance:com.splunk.test.GetMovies@4c163e3]" name="checkNonNullGenreIdsAreSorted" duration-ms="721" started-at="2018-07-15T20:38:36Z" description="Test to Verify movies that have non-null genre_ids, results should be sorted by id (ascending)" finished-at="2018-07-15T20:38:37Z">
          <exception class="java.lang.AssertionError">
            <message>
              <![CDATA[Non Null Genre  Are not Sorted by Ids, Ids are:[287757, 404463, 411736, 411802, 49026, 20776, 93560, 186579, 138757, 451570, 300424, 269246, 155, 438741, 241226] expected [true] but found [false]]]>
            </message>
            <full-stacktrace>
              <![CDATA[java.lang.AssertionError: Non Null Genre  Are not Sorted by Ids, Ids are:[287757, 404463, 411736, 411802, 49026, 20776, 93560, 186579, 138757, 451570, 300424, 269246, 155, 438741, 241226] expected [true] but found [false]
	at org.testng.Assert.fail(Assert.java:94)
	at org.testng.Assert.failNotEquals(Assert.java:513)
	at org.testng.Assert.assertTrue(Assert.java:42)
	at com.splunk.test.GetMovies.checkNonNullGenreIdsAreSorted(GetMovies.java:168)
	at sun.reflect.NativeMethodAccessorImpl.invoke0(Native Method)
	at sun.reflect.NativeMethodAccessorImpl.invoke(NativeMethodAccessorImpl.java:62)
	at sun.reflect.DelegatingMethodAccessorImpl.invoke(DelegatingMethodAccessorImpl.java:43)
	at java.lang.reflect.Method.invoke(Method.java:498)
	at org.testng.internal.MethodInvocationHelper.invokeMethod(MethodInvocationHelper.java:104)
	at org.testng.internal.Invoker.invokeMethod(Invoker.java:645)
	at org.testng.internal.Invoker.invokeTestMethod(Invoker.java:851)
	at org.testng.internal.Invoker.invokeTestMethods(Invoker.java:1177)
	at org.testng.internal.TestMethodWorker.invokeTestMethods(TestMethodWorker.java:129)
	at org.testng.internal.TestMethodWorker.run(TestMethodWorker.java:112)
	at java.util.concurrent.ThreadPoolExecutor.runWorker(ThreadPoolExecutor.java:1149)
	at java.util.concurrent.ThreadPoolExecutor$Worker.run(ThreadPoolExecutor.java:624)
	at java.lang.Thread.run(Thread.java:748)
]]>
            </full-stacktrace>
          </exception> <!-- java.lang.AssertionError -->
          <reporter-output>
          </reporter-output>
        </test-method> <!-- checkNonNullGenreIdsAreSorted -->
        <test-method status="FAIL" signature="checkWithOutQueryparam()[pri:0, instance:com.splunk.test.GetMovies@4c163e3]" name="checkWithOutQueryparam" duration-ms="577" started-at="2018-07-15T20:38:37Z" description="Verify check With Out Query param and test should fail " finished-at="2018-07-15T20:38:37Z">
          <exception class="java.lang.AssertionError">
            <message>
              <![CDATA[1 expectation failed.
Expected status code <404> but was <200>.
]]>
            </message>
            <full-stacktrace>
              <![CDATA[java.lang.AssertionError: 1 expectation failed.
Expected status code <404> but was <200>.

	at sun.reflect.NativeConstructorAccessorImpl.newInstance0(Native Method)
	at sun.reflect.NativeConstructorAccessorImpl.newInstance(NativeConstructorAccessorImpl.java:62)
	at sun.reflect.DelegatingConstructorAccessorImpl.newInstance(DelegatingConstructorAccessorImpl.java:45)
	at java.lang.reflect.Constructor.newInstance(Constructor.java:423)
	at org.codehaus.groovy.reflection.CachedConstructor.invoke(CachedConstructor.java:83)
	at org.codehaus.groovy.reflection.CachedConstructor.doConstructorInvoke(CachedConstructor.java:77)
	at org.codehaus.groovy.runtime.callsite.ConstructorSite$ConstructorSiteNoUnwrap.callConstructor(ConstructorSite.java:84)
	at org.codehaus.groovy.runtime.callsite.CallSiteArray.defaultCallConstructor(CallSiteArray.java:60)
	at org.codehaus.groovy.runtime.callsite.AbstractCallSite.callConstructor(AbstractCallSite.java:235)
	at org.codehaus.groovy.runtime.callsite.AbstractCallSite.callConstructor(AbstractCallSite.java:247)
	at io.restassured.internal.ResponseSpecificationImpl$HamcrestAssertionClosure.validate(ResponseSpecificationImpl.groovy:471)
	at io.restassured.internal.ResponseSpecificationImpl$HamcrestAssertionClosure$validate$1.call(Unknown Source)
	at io.restassured.internal.ResponseSpecificationImpl.validateResponseIfRequired(ResponseSpecificationImpl.groovy:636)
	at sun.reflect.NativeMethodAccessorImpl.invoke0(Native Method)
	at sun.reflect.NativeMethodAccessorImpl.invoke(NativeMethodAccessorImpl.java:62)
	at sun.reflect.DelegatingMethodAccessorImpl.invoke(DelegatingMethodAccessorImpl.java:43)
	at java.lang.reflect.Method.invoke(Method.java:498)
	at org.codehaus.groovy.runtime.callsite.PogoMetaMethodSite$PogoCachedMethodSiteNoUnwrapNoCoerce.invoke(PogoMetaMethodSite.java:210)
	at org.codehaus.groovy.runtime.callsite.PogoMetaMethodSite.callCurrent(PogoMetaMethodSite.java:59)
	at org.codehaus.groovy.runtime.callsite.AbstractCallSite.callCurrent(AbstractCallSite.java:166)
	at io.restassured.internal.ResponseSpecificationImpl.statusCode(ResponseSpecificationImpl.groovy:122)
	at io.restassured.specification.ResponseSpecification$statusCode$0.callCurrent(Unknown Source)
	at io.restassured.internal.ResponseSpecificationImpl.statusCode(ResponseSpecificationImpl.groovy:130)
	at io.restassured.internal.ValidatableResponseOptionsImpl.statusCode(ValidatableResponseOptionsImpl.java:117)
	at com.splunk.commons.ReusableFunctions.checkSuccessFulResposneQueryPram(ReusableFunctions.java:94)
	at com.splunk.test.GetMovies.checkWithOutQueryparam(GetMovies.java:258)
	at sun.reflect.NativeMethodAccessorImpl.invoke0(Native Method)
	at sun.reflect.NativeMethodAccessorImpl.invoke(NativeMethodAccessorImpl.java:62)
	at sun.reflect.DelegatingMethodAccessorImpl.invoke(DelegatingMethodAccessorImpl.java:43)
	at java.lang.reflect.Method.invoke(Method.java:498)
	at org.testng.internal.MethodInvocationHelper.invokeMethod(MethodInvocationHelper.java:104)
	at org.testng.internal.Invoker.invokeMethod(Invoker.java:645)
	at org.testng.internal.Invoker.invokeTestMethod(Invoker.java:851)
	at org.testng.internal.Invoker.invokeTestMethods(Invoker.java:1177)
	at org.testng.internal.TestMethodWorker.invokeTestMethods(TestMethodWorker.java:129)
	at org.testng.internal.TestMethodWorker.run(TestMethodWorker.java:112)
	at java.util.concurrent.ThreadPoolExecutor.runWorker(ThreadPoolExecutor.java:1149)
	at java.util.concurrent.ThreadPoolExecutor$Worker.run(ThreadPoolExecutor.java:624)
	at java.lang.Thread.run(Thread.java:748)
]]>
            </full-stacktrace>
          </exception> <!-- java.lang.AssertionError -->
          <reporter-output>
          </reporter-output>
        </test-method> <!-- checkWithOutQueryparam -->
        <test-method status="PASS" signature="checkWithWrongQueryKey()[pri:0, instance:com.splunk.test.GetMovies@4c163e3]" name="checkWithWrongQueryKey" duration-ms="474" started-at="2018-07-15T20:38:37Z" description="Verify check With wrong quey Key  and test should fail " finished-at="2018-07-15T20:38:38Z">
          <reporter-output>
          </reporter-output>
        </test-method> <!-- checkWithWrongQueryKey -->
        <test-method status="FAIL" signature="checkWithWrongQueryValue()[pri:0, instance:com.splunk.test.GetMovies@4c163e3]" name="checkWithWrongQueryValue" duration-ms="470" started-at="2018-07-15T20:38:38Z" description="Verify check With wrong quey Value  and test should fail " finished-at="2018-07-15T20:38:38Z">
          <exception class="java.lang.AssertionError">
            <message>
              <![CDATA[1 expectation failed.
Expected status code <404> but was <200>.
]]>
            </message>
            <full-stacktrace>
              <![CDATA[java.lang.AssertionError: 1 expectation failed.
Expected status code <404> but was <200>.

	at sun.reflect.NativeConstructorAccessorImpl.newInstance0(Native Method)
	at sun.reflect.NativeConstructorAccessorImpl.newInstance(NativeConstructorAccessorImpl.java:62)
	at sun.reflect.DelegatingConstructorAccessorImpl.newInstance(DelegatingConstructorAccessorImpl.java:45)
	at java.lang.reflect.Constructor.newInstance(Constructor.java:423)
	at org.codehaus.groovy.reflection.CachedConstructor.invoke(CachedConstructor.java:83)
	at org.codehaus.groovy.reflection.CachedConstructor.doConstructorInvoke(CachedConstructor.java:77)
	at org.codehaus.groovy.runtime.callsite.ConstructorSite$ConstructorSiteNoUnwrap.callConstructor(ConstructorSite.java:84)
	at org.codehaus.groovy.runtime.callsite.AbstractCallSite.callConstructor(AbstractCallSite.java:247)
	at io.restassured.internal.ResponseSpecificationImpl$HamcrestAssertionClosure.validate(ResponseSpecificationImpl.groovy:471)
	at io.restassured.internal.ResponseSpecificationImpl$HamcrestAssertionClosure$validate$1.call(Unknown Source)
	at io.restassured.internal.ResponseSpecificationImpl.validateResponseIfRequired(ResponseSpecificationImpl.groovy:636)
	at sun.reflect.NativeMethodAccessorImpl.invoke0(Native Method)
	at sun.reflect.NativeMethodAccessorImpl.invoke(NativeMethodAccessorImpl.java:62)
	at sun.reflect.DelegatingMethodAccessorImpl.invoke(DelegatingMethodAccessorImpl.java:43)
	at java.lang.reflect.Method.invoke(Method.java:498)
	at org.codehaus.groovy.runtime.callsite.PogoMetaMethodSite$PogoCachedMethodSiteNoUnwrapNoCoerce.invoke(PogoMetaMethodSite.java:210)
	at org.codehaus.groovy.runtime.callsite.PogoMetaMethodSite.callCurrent(PogoMetaMethodSite.java:59)
	at org.codehaus.groovy.runtime.callsite.AbstractCallSite.callCurrent(AbstractCallSite.java:166)
	at io.restassured.internal.ResponseSpecificationImpl.statusCode(ResponseSpecificationImpl.groovy:122)
	at io.restassured.specification.ResponseSpecification$statusCode$0.callCurrent(Unknown Source)
	at io.restassured.internal.ResponseSpecificationImpl.statusCode(ResponseSpecificationImpl.groovy:130)
	at io.restassured.internal.ValidatableResponseOptionsImpl.statusCode(ValidatableResponseOptionsImpl.java:117)
	at com.splunk.commons.ReusableFunctions.checkSuccessFulResposneQueryPram(ReusableFunctions.java:132)
	at com.splunk.test.GetMovies.checkWithWrongQueryValue(GetMovies.java:274)
	at sun.reflect.NativeMethodAccessorImpl.invoke0(Native Method)
	at sun.reflect.NativeMethodAccessorImpl.invoke(NativeMethodAccessorImpl.java:62)
	at sun.reflect.DelegatingMethodAccessorImpl.invoke(DelegatingMethodAccessorImpl.java:43)
	at java.lang.reflect.Method.invoke(Method.java:498)
	at org.testng.internal.MethodInvocationHelper.invokeMethod(MethodInvocationHelper.java:104)
	at org.testng.internal.Invoker.invokeMethod(Invoker.java:645)
	at org.testng.internal.Invoker.invokeTestMethod(Invoker.java:851)
	at org.testng.internal.Invoker.invokeTestMethods(Invoker.java:1177)
	at org.testng.internal.TestMethodWorker.invokeTestMethods(TestMethodWorker.java:129)
	at org.testng.internal.TestMethodWorker.run(TestMethodWorker.java:112)
	at java.util.concurrent.ThreadPoolExecutor.runWorker(ThreadPoolExecutor.java:1149)
	at java.util.concurrent.ThreadPoolExecutor$Worker.run(ThreadPoolExecutor.java:624)
	at java.lang.Thread.run(Thread.java:748)
]]>
            </full-stacktrace>
          </exception> <!-- java.lang.AssertionError -->
          <reporter-output>
          </reporter-output>
        </test-method> <!-- checkWithWrongQueryValue -->
        <test-method status="PASS" signature="checkforAtlestOnePalendromeTitle()[pri:0, instance:com.splunk.test.GetMovies@4c163e3]" name="checkforAtlestOnePalendromeTitle" duration-ms="487" started-at="2018-07-15T20:38:38Z" description="Verify for Atlest any one Title contains  Palendromic Word" finished-at="2018-07-15T20:38:39Z">
          <reporter-output>
            <line>
              <![CDATA[Found Title containing  Palendromic Word is : Kayak]]>
            </line>
          </reporter-output>
        </test-method> <!-- checkforAtlestOnePalendromeTitle -->
        <test-method status="PASS" signature="checkforTitleIsSubStrOfOtherTitle()[pri:0, instance:com.splunk.test.GetMovies@4c163e3]" name="checkforTitleIsSubStrOfOtherTitle" duration-ms="461" started-at="2018-07-15T20:38:39Z" description="Verify for Atlest any two Title which are substring on other Title" finished-at="2018-07-15T20:38:39Z">
          <reporter-output>
            <line>
              <![CDATA[Dante present in : Scooby-Doo Meets Dante]]>
            </line>
            <line>
              <![CDATA[The Dark Knight present in : The Dark Knight Rises]]>
            </line>
          </reporter-output>
        </test-method> <!-- checkforTitleIsSubStrOfOtherTitle -->
        <test-method status="FAIL" signature="numOfNullGenreIds()[pri:0, instance:com.splunk.test.GetMovies@4c163e3]" name="numOfNullGenreIds" duration-ms="580" started-at="2018-07-15T20:38:39Z" description="Test to Verify Movies with genre_ids == null should be first in response,if multiple movies have genre_ids == null, then sort by id (ascending). " finished-at="2018-07-15T20:38:40Z">
          <exception class="java.lang.AssertionError">
            <message>
              <![CDATA[We have one empty genre_ids ,But its not at first in response , Hence failing  expected [true] but found [false]]]>
            </message>
            <full-stacktrace>
              <![CDATA[java.lang.AssertionError: We have one empty genre_ids ,But its not at first in response , Hence failing  expected [true] but found [false]
	at org.testng.Assert.fail(Assert.java:94)
	at org.testng.Assert.failNotEquals(Assert.java:513)
	at org.testng.Assert.assertTrue(Assert.java:42)
	at com.splunk.test.GetMovies.numOfNullGenreIds(GetMovies.java:139)
	at sun.reflect.NativeMethodAccessorImpl.invoke0(Native Method)
	at sun.reflect.NativeMethodAccessorImpl.invoke(NativeMethodAccessorImpl.java:62)
	at sun.reflect.DelegatingMethodAccessorImpl.invoke(DelegatingMethodAccessorImpl.java:43)
	at java.lang.reflect.Method.invoke(Method.java:498)
	at org.testng.internal.MethodInvocationHelper.invokeMethod(MethodInvocationHelper.java:104)
	at org.testng.internal.Invoker.invokeMethod(Invoker.java:645)
	at org.testng.internal.Invoker.invokeTestMethod(Invoker.java:851)
	at org.testng.internal.Invoker.invokeTestMethods(Invoker.java:1177)
	at org.testng.internal.TestMethodWorker.invokeTestMethods(TestMethodWorker.java:129)
	at org.testng.internal.TestMethodWorker.run(TestMethodWorker.java:112)
	at java.util.concurrent.ThreadPoolExecutor.runWorker(ThreadPoolExecutor.java:1149)
	at java.util.concurrent.ThreadPoolExecutor$Worker.run(ThreadPoolExecutor.java:624)
	at java.lang.Thread.run(Thread.java:748)
]]>
            </full-stacktrace>
          </exception> <!-- java.lang.AssertionError -->
          <reporter-output>
          </reporter-output>
        </test-method> <!-- numOfNullGenreIds -->
        <test-method status="PASS" signature="verifyResponseCode()[pri:0, instance:com.splunk.test.GetMovies@4c163e3]" name="verifyResponseCode" duration-ms="424" started-at="2018-07-15T20:38:40Z" description="Verify reponse code is as Expected" finished-at="2018-07-15T20:38:40Z">
          <reporter-output>
          </reporter-output>
        </test-method> <!-- verifyResponseCode -->
      </class> <!-- com.splunk.test.GetMovies -->
    </test> <!-- Functional -->
  </suite> <!-- Splunk Test Suite -->
</testng-results>
